<?xml version="1.0" encoding="UTF-8"?>
<testng-results ignored="0" total="7" passed="7" failed="0" skipped="0">
  <reporter-output>
  </reporter-output>
  <suite started-at="2026-05-18T17:36:05 IST" name="Default suite" finished-at="2026-05-18T17:38:23 IST" duration-ms="137846">
    <groups>
      <group name="cucumber">
        <method signature="AbstractTestNGCucumberTests.runScenario(io.cucumber.testng.PickleWrapper,io.cucumber.testng.FeatureWrapper)[pri:0, instance:testRunner.Runner@10aa41f2]" name="runScenario" class="io.cucumber.testng.AbstractTestNGCucumberTests"/>
      </group> <!-- cucumber -->
    </groups>
    <test started-at="2026-05-18T17:36:05 IST" name="Default test" finished-at="2026-05-18T17:38:23 IST" duration-ms="137846">
      <class name="testRunner.Runner">
        <test-method is-config="true" signature="setUpClass(org.testng.ITestContext)[pri:0, instance:testRunner.Runner@10aa41f2]" started-at="2026-05-18T17:36:05 IST" name="setUpClass" finished-at="2026-05-18T17:36:06 IST" duration-ms="586" status="PASS">
          <params>
            <param index="0">
              <value>
                <![CDATA[org.testng.TestRunner@37c74e4e]]>
              </value>
            </param>
          </params>
          <reporter-output>
          </reporter-output>
        </test-method> <!-- setUpClass -->
        <test-method signature="runScenario(io.cucumber.testng.PickleWrapper,io.cucumber.testng.FeatureWrapper)[pri:0, instance:testRunner.Runner@10aa41f2]" started-at="2026-05-18T17:36:06 IST" name="runScenario" description="Runs Cucumber Scenarios" data-provider="scenarios" finished-at="2026-05-18T17:36:20 IST" duration-ms="14501" status="PASS">
          <params>
            <param index="0">
              <value>
                <![CDATA["Core Flip Functionality"]]>
              </value>
            </param>
            <param index="1">
              <value>
                <![CDATA["Story1"]]>
              </value>
            </param>
          </params>
          <reporter-output>
          </reporter-output>
        </test-method> <!-- runScenario -->
        <test-method signature="runScenario(io.cucumber.testng.PickleWrapper,io.cucumber.testng.FeatureWrapper)[pri:0, instance:testRunner.Runner@10aa41f2]" started-at="2026-05-18T17:36:20 IST" name="runScenario" description="Runs Cucumber Scenarios" data-provider="scenarios" finished-at="2026-05-18T17:36:35 IST" duration-ms="15142" status="PASS">
          <params>
            <param index="0">
              <value>
                <![CDATA["Verify Dark/Light Mode Theme Adaptation"]]>
              </value>
            </param>
            <param index="1">
              <value>
                <![CDATA["Story1"]]>
              </value>
            </param>
          </params>
          <reporter-output>
          </reporter-output>
        </test-method> <!-- runScenario -->
        <test-method signature="runScenario(io.cucumber.testng.PickleWrapper,io.cucumber.testng.FeatureWrapper)[pri:0, instance:testRunner.Runner@10aa41f2]" started-at="2026-05-18T17:36:35 IST" name="runScenario" description="Runs Cucumber Scenarios" data-provider="scenarios" finished-at="2026-05-18T17:36:51 IST" duration-ms="15539" status="PASS">
          <params>
            <param index="0">
              <value>
                <![CDATA["Verify system resilience against character limits and missing data (Negative/Edge Case)."]]>
              </value>
            </param>
            <param index="1">
              <value>
                <![CDATA["Story1"]]>
              </value>
            </param>
          </params>
          <reporter-output>
          </reporter-output>
        </test-method> <!-- runScenario -->
        <test-method signature="runScenario(io.cucumber.testng.PickleWrapper,io.cucumber.testng.FeatureWrapper)[pri:0, instance:testRunner.Runner@10aa41f2]" started-at="2026-05-18T17:36:51 IST" name="runScenario" description="Runs Cucumber Scenarios" data-provider="scenarios" finished-at="2026-05-18T17:37:14 IST" duration-ms="22831" status="PASS">
          <params>
            <param index="0">
              <value>
                <![CDATA["Verify seamless page switching between Converter, Trends, and About sections."]]>
              </value>
            </param>
            <param index="1">
              <value>
                <![CDATA["Story2"]]>
              </value>
            </param>
          </params>
          <reporter-output>
          </reporter-output>
        </test-method> <!-- runScenario -->
        <test-method signature="runScenario(io.cucumber.testng.PickleWrapper,io.cucumber.testng.FeatureWrapper)[pri:0, instance:testRunner.Runner@10aa41f2]" started-at="2026-05-18T17:37:14 IST" name="runScenario" description="Runs Cucumber Scenarios" data-provider="scenarios" finished-at="2026-05-18T17:37:35 IST" duration-ms="21081" status="PASS">
          <params>
            <param index="0">
              <value>
                <![CDATA[": Verify Input Field Continuity (Selected values are not cleared on navigation)."]]>
              </value>
            </param>
            <param index="1">
              <value>
                <![CDATA["Story2"]]>
              </value>
            </param>
          </params>
          <reporter-output>
          </reporter-output>
        </test-method> <!-- runScenario -->
        <test-method signature="runScenario(io.cucumber.testng.PickleWrapper,io.cucumber.testng.FeatureWrapper)[pri:0, instance:testRunner.Runner@10aa41f2]" started-at="2026-05-18T17:37:35 IST" name="runScenario" description="Runs Cucumber Scenarios" data-provider="scenarios" finished-at="2026-05-18T17:38:02 IST" duration-ms="26969" status="PASS">
          <params>
            <param index="0">
              <value>
                <![CDATA["Verify that the "Recent Conversions" list data persists after navigating away and returning."]]>
              </value>
            </param>
            <param index="1">
              <value>
                <![CDATA["Story2"]]>
              </value>
            </param>
          </params>
          <reporter-output>
          </reporter-output>
        </test-method> <!-- runScenario -->
        <test-method signature="runScenario(io.cucumber.testng.PickleWrapper,io.cucumber.testng.FeatureWrapper)[pri:0, instance:testRunner.Runner@10aa41f2]" started-at="2026-05-18T17:38:02 IST" name="runScenario" description="Runs Cucumber Scenarios" data-provider="scenarios" finished-at="2026-05-18T17:38:19 IST" duration-ms="17309" status="PASS">
          <params>
            <param index="0">
              <value>
                <![CDATA["Verify that the Global Theme (Dark/Light) state persists during internal navigation."]]>
              </value>
            </param>
            <param index="1">
              <value>
                <![CDATA["Story2"]]>
              </value>
            </param>
          </params>
          <reporter-output>
          </reporter-output>
        </test-method> <!-- runScenario -->
        <test-method is-config="true" signature="tearDownClass()[pri:0, instance:testRunner.Runner@10aa41f2]" started-at="2026-05-18T17:38:19 IST" name="tearDownClass" finished-at="2026-05-18T17:38:23 IST" duration-ms="3809" status="PASS">
          <reporter-output>
          </reporter-output>
        </test-method> <!-- tearDownClass -->
      </class> <!-- testRunner.Runner -->
    </test> <!-- Default test -->
  </suite> <!-- Default suite -->
</testng-results>
