<?xml version="1.0" encoding="UTF-8"?>
<!-- Generated by org.testng.reporters.JUnitReportReporter -->
<testsuite hostname="LTIN718030" failures="0" tests="3" name="CurrencyConverterTest1" time="79.450" errors="0" timestamp="2026-05-06T18:17:38 IST" skipped="0">
  <testcase classname="CurrencyConverterTest1" name="testAboutPageFlip" time="38.967"/>
  <testcase classname="CurrencyConverterTest1" name="testThemeToggle" time="18.514"/>
  <testcase classname="CurrencyConverterTest1" name="testConversionFunctionality" time="21.969"/>
</testsuite> <!-- CurrencyConverterTest1 -->
