<?xml version="1.0" encoding="UTF-8"?>
<!-- Generated by org.testng.reporters.JUnitReportReporter -->
<testsuite hostname="LTIN718030" failures="0" tests="7" name="testRunner.Runner" time="133.372" errors="0" timestamp="2026-05-18T17:38:23 IST" skipped="0">
  <testcase classname="testRunner.Runner" name="runScenario" time="22.831"/>
  <testcase classname="testRunner.Runner" name="runScenario" time="21.081"/>
  <testcase classname="testRunner.Runner" name="runScenario" time="15.539"/>
  <testcase classname="testRunner.Runner" name="runScenario" time="17.309"/>
  <testcase classname="testRunner.Runner" name="runScenario" time="14.501"/>
  <testcase classname="testRunner.Runner" name="runScenario" time="15.142"/>
  <testcase classname="testRunner.Runner" name="runScenario" time="26.969"/>
</testsuite> <!-- testRunner.Runner -->
